Simulation 1/1
Parameters: {'gdim': 2, 'nsteps': 30, 'ell': 1.0, 'e_c': 0.2, 'gamma_mu': 2.0, 'w_1': 1.0, 'h_div': 3.0, 'mu_0': 0.59, 'kappa': 500.0, 'p_cav': 1.475}
Command: python /Users/maurini/Documents/codes/poker_chip/scripts/poker_chip.py --gdim 2 --nsteps 30 --ell 1.0 --e_c 0.2 --gamma_mu 2.0 --w_1 1.0 --hdiv 3.0 --mu 0.59 --kappa 500.0 --p_cav 1.475 --outdir results/gdim2_ell1_e_c0.2_gamma_mu2_h_div3_mu_00.59

=== STDOUT ===
[1;34me_c = 0.200, e_c_dim = 0.136, e_c_dim_k = 0.139[0m
[1;34mp_c = 1.649, p_cav = 1.475[0m
[1;34mgamma_mu = 2.00, gamma_k = 367.71[0m
Info    : Optimizing mesh (Netgen)...
Info    : Done optimizing mesh (Wall 1.17921e-05s, CPU 1e-06s)
Info    : Meshing 1D...
Info    : [  0%] Meshing curve 12 (Line)
Info    : [ 30%] Meshing curve 13 (Line)
Info    : [ 60%] Meshing curve 14 (Line)
Info    : [ 80%] Meshing curve 15 (Line)
Info    : Done meshing 1D (Wall 0.0004555s, CPU 0.000134s)
Info    : Meshing 2D...
Info    : Meshing surface 1 (Plane, Delaunay)
Info    : Done meshing 2D (Wall 0.00124592s, CPU 0.000151s)
Info    : 11 nodes 24 elements
[1;34mOutput directory: results/gdim2_ell1_e_c0.2_gamma_mu2_h_div3_mu_00.59/2d-ec0.20_ell1.000_w1.000_gmu2.00_H0.20_L1.0_poker/poker[0m
[1;34mParameters saved to: results/gdim2_ell1_e_c0.2_gamma_mu2_h_div3_mu_00.59/2d-ec0.20_ell1.000_w1.000_gmu2.00_H0.20_L1.0_poker/poker-parameters.yml[0m
[1;34mTo reproduce this run: python /Users/maurini/Documents/codes/poker_chip/scripts/poker_chip.py --config results/gdim2_ell1_e_c0.2_gamma_mu2_h_div3_mu_00.59/2d-ec0.20_ell1.000_w1.000_gmu2.00_H0.20_L1.0_poker/poker-parameters.yml[0m
[1;37m-- Solving for t = 0.0000 --[0m
  0 SNES Function norm 0.000000000000e+00
  Nonlinear elasticity_ solve converged due to CONVERGED_FNORM_ABS iterations 0
  Iteration information for damage_ solve.
  0 TAO,  Function value: 0.,  Residual: 0. 
[1;34mAM - Iteration:   0, alpha_max: 0.000e+00, eps_nl_min: 0.000e+00, eps_nl_max: 0.000e+00, Error_alpha_max: 0.000e+00, Error_energy: 1.00e+00, Error_residual_u: 0.000e+00[0m
[1;37m-- Solving for t = 0.0690 --[0m
  0 SNES Function norm 4.648024121158e+01
  1 SNES Function norm 3.861895974285e-02
  2 SNES Function norm 9.844295111165e-09
  Nonlinear elasticity_ solve converged due to CONVERGED_FNORM_ABS iterations 2
  Iteration information for damage_ solve.
  0 TAO,  Function value: 0.0201903,  Residual: 0. 
[1;34mAM - Iteration:   0, alpha_max: 0.000e+00, eps_nl_min: 6.602e-02, eps_nl_max: 6.602e-02, Error_alpha_max: 0.000e+00, Error_energy: 1.00e+00, Error_residual_u: 9.844e-09[0m
[1;37m-- Solving for t = 0.1379 --[0m
  0 SNES Function norm 7.751365570958e-02
  1 SNES Function norm 1.975873584849e-08
  2 SNES Function norm 1.975873584849e-08
  Nonlinear elasticity_ solve converged due to CONVERGED_FNORM_ABS iterations 2
  Iteration information for damage_ solve.
  0 TAO,  Function value: 0.041377,  Residual: 0.000794692 
  1 TAO,  Function value: 0.041377,  Residual: 5.8109e-14 
[1;34mAM - Iteration:   0, alpha_max: 5.021e-05, eps_nl_min: 1.349e-01, eps_nl_max: 1.349e-01, Error_alpha_max: 5.021e-05, Error_energy: 1.05e+00, Error_residual_u: 1.975e-08[0m
[1;37m-- Solving for t = 0.2069 --[0m
  0 SNES Function norm 7.750906524936e-02
  1 SNES Function norm 1.975784288316e-08
  2 SNES Function norm 1.975784288316e-08
  Nonlinear elasticity_ solve converged due to CONVERGED_FNORM_ABS iterations 2
  Iteration information for damage_ solve.
  0 TAO,  Function value: 0.0631242,  Residual: 0.0089105 
  1 TAO,  Function value: 0.0631198,  Residual: 5.48121e-14 
[1;34mAM - Iteration:   0, alpha_max: 6.129e-04, eps_nl_min: 2.035e-01, eps_nl_max: 2.035e-01, Error_alpha_max: 5.627e-04, Error_energy: 5.25e-01, Error_residual_u: 1.975e-08[0m
[1;37m-- Solving for t = 0.2759 --[0m
  0 SNES Function norm 7.745765310124e-02
  1 SNES Function norm 1.974962901100e-08
  2 SNES Function norm 1.974962901100e-08
  Nonlinear elasticity_ solve converged due to CONVERGED_FNORM_ABS iterations 2
  Iteration information for damage_ solve.
  0 TAO,  Function value: 0.0854191,  Residual: 0.00933815 
  1 TAO,  Function value: 0.0854143,  Residual: 1.87789e-18 
[1;34mAM - Iteration:   0, alpha_max: 1.202e-03, eps_nl_min: 2.720e-01, eps_nl_max: 2.720e-01, Error_alpha_max: 5.894e-04, Error_energy: 3.53e-01, Error_residual_u: 1.974e-08[0m
[1;37m-- Solving for t = 0.3448 --[0m
  0 SNES Function norm 7.740386625167e-02
  1 SNES Function norm 1.974102933128e-08
  2 SNES Function norm 1.974102933128e-08
  Nonlinear elasticity_ solve converged due to CONVERGED_FNORM_ABS iterations 2
  Iteration information for damage_ solve.
  0 TAO,  Function value: 0.108264,  Residual: 0.00976437 
  1 TAO,  Function value: 0.108259,  Residual: 1.47068e-18 
[1;34mAM - Iteration:   0, alpha_max: 1.818e-03, eps_nl_min: 3.406e-01, eps_nl_max: 3.406e-01, Error_alpha_max: 6.160e-04, Error_energy: 2.67e-01, Error_residual_u: 1.973e-08[0m
[1;37m-- Solving for t = 0.4138 --[0m
  0 SNES Function norm 7.734772818512e-02
  1 SNES Function norm 1.973204598632e-08
  2 SNES Function norm 1.973204598632e-08
  Nonlinear elasticity_ solve converged due to CONVERGED_FNORM_ABS iterations 2
  Iteration information for damage_ solve.
  0 TAO,  Function value: 0.131659,  Residual: 0.0101891 
  1 TAO,  Function value: 0.131653,  Residual: 2.84063e-13 
[1;34mAM - Iteration:   0, alpha_max: 2.461e-03, eps_nl_min: 4.091e-01, eps_nl_max: 4.091e-01, Error_alpha_max: 6.424e-04, Error_energy: 2.16e-01, Error_residual_u: 1.972e-08[0m
[1;37m-- Solving for t = 0.4828 --[0m
  0 SNES Function norm 7.728926355628e-02
  1 SNES Function norm 1.972268265916e-08
  2 SNES Function norm 1.972268265916e-08
  Nonlinear elasticity_ solve converged due to CONVERGED_FNORM_ABS iterations 2
  Iteration information for damage_ solve.
  0 TAO,  Function value: 0.155601,  Residual: 0.0106122 
  1 TAO,  Function value: 0.155595,  Residual: 5.68767e-18 
[1;34mAM - Iteration:   0, alpha_max: 3.129e-03, eps_nl_min: 4.776e-01, eps_nl_max: 4.776e-01, Error_alpha_max: 6.686e-04, Error_energy: 1.82e-01, Error_residual_u: 1.971e-08[0m
[1;37m-- Solving for t = 0.5517 --[0m
  0 SNES Function norm 7.722849814693e-02
  1 SNES Function norm 1.971294251366e-08
  2 SNES Function norm 1.971294251366e-08
  Nonlinear elasticity_ solve converged due to CONVERGED_FNORM_ABS iterations 2
  Iteration information for damage_ solve.
  0 TAO,  Function value: 0.180089,  Residual: 0.0110336 
  1 TAO,  Function value: 0.180082,  Residual: 5.55025e-13 
[1;34mAM - Iteration:   0, alpha_max: 3.824e-03, eps_nl_min: 5.460e-01, eps_nl_max: 5.460e-01, Error_alpha_max: 6.947e-04, Error_energy: 1.57e-01, Error_residual_u: 1.970e-08[0m
[1;37m-- Solving for t = 0.6207 --[0m
  0 SNES Function norm 7.716545881983e-02
  1 SNES Function norm 1.970282929655e-08
  2 SNES Function norm 1.970282929655e-08
  Nonlinear elasticity_ solve converged due to CONVERGED_FNORM_ABS iterations 2
  Iteration information for damage_ solve.
  0 TAO,  Function value: 0.205121,  Residual: 0.0114533 
  1 TAO,  Function value: 0.205114,  Residual: 4.42269e-18 
[1;34mAM - Iteration:   0, alpha_max: 4.544e-03, eps_nl_min: 6.145e-01, eps_nl_max: 6.145e-01, Error_alpha_max: 7.205e-04, Error_energy: 1.39e-01, Error_residual_u: 1.969e-08[0m
[1;37m-- Solving for t = 0.6897 --[0m
  0 SNES Function norm 7.710017347108e-02
  1 SNES Function norm 1.969234689243e-08
  2 SNES Function norm 1.969234689243e-08
  Nonlinear elasticity_ solve converged due to CONVERGED_FNORM_ABS iterations 2
  Iteration information for damage_ solve.
  0 TAO,  Function value: 0.230697,  Residual: 0.0118711 
  1 TAO,  Function value: 0.23069,  Residual: 2.74284e-18 
[1;34mAM - Iteration:   0, alpha_max: 5.291e-03, eps_nl_min: 6.829e-01, eps_nl_max: 6.829e-01, Error_alpha_max: 7.462e-04, Error_energy: 1.25e-01, Error_residual_u: 1.968e-08[0m
[1;37m-- Solving for t = 0.7586 --[0m
  0 SNES Function norm 7.703267098135e-02
  1 SNES Function norm 1.968149955838e-08
  2 SNES Function norm 1.968149955838e-08
  Nonlinear elasticity_ solve converged due to CONVERGED_FNORM_ABS iterations 2
  Iteration information for damage_ solve.
  0 TAO,  Function value: 0.256814,  Residual: 0.0122871 
  1 TAO,  Function value: 0.256806,  Residual: 1.02519e-12 
[1;34mAM - Iteration:   0, alpha_max: 6.062e-03, eps_nl_min: 7.513e-01, eps_nl_max: 7.513e-01, Error_alpha_max: 7.716e-04, Error_energy: 1.13e-01, Error_residual_u: 1.967e-08[0m
[1;37m-- Solving for t = 0.8276 --[0m
  0 SNES Function norm 7.696298116592e-02
  1 SNES Function norm 1.967029175985e-08
  2 SNES Function norm 1.967029175985e-08
  Nonlinear elasticity_ solve converged due to CONVERGED_FNORM_ABS iterations 2
  Iteration information for damage_ solve.
  0 TAO,  Function value: 0.283471,  Residual: 0.0127011 
  1 TAO,  Function value: 0.283463,  Residual: 1.19805e-12 
[1;34mAM - Iteration:   0, alpha_max: 6.859e-03, eps_nl_min: 8.197e-01, eps_nl_max: 8.197e-01, Error_alpha_max: 7.968e-04, Error_energy: 1.04e-01, Error_residual_u: 1.965e-08[0m
[1;37m-- Solving for t = 0.8966 --[0m
  0 SNES Function norm 7.689113472390e-02
  1 SNES Function norm 1.965872797351e-08
  2 SNES Function norm 1.965872797351e-08
  Nonlinear elasticity_ solve converged due to CONVERGED_FNORM_ABS iterations 2
  Iteration information for damage_ solve.
  0 TAO,  Function value: 0.310666,  Residual: 0.0131131 
  1 TAO,  Function value: 0.310657,  Residual: 2.75716e-12 
[1;34mAM - Iteration:   0, alpha_max: 7.681e-03, eps_nl_min: 8.881e-01, eps_nl_max: 8.881e-01, Error_alpha_max: 8.218e-04, Error_energy: 9.59e-02, Error_residual_u: 1.964e-08[0m
[1;37m-- Solving for t = 0.9655 --[0m
  0 SNES Function norm 7.681716318681e-02
  1 SNES Function norm 1.964681305169e-08
  2 SNES Function norm 1.964681305169e-08
  Nonlinear elasticity_ solve converged due to CONVERGED_FNORM_ABS iterations 2
  Iteration information for damage_ solve.
  0 TAO,  Function value: 0.338398,  Residual: 0.013523 
  1 TAO,  Function value: 0.338388,  Residual: 4.90654e-18 
[1;34mAM - Iteration:   0, alpha_max: 8.527e-03, eps_nl_min: 9.564e-01, eps_nl_max: 9.564e-01, Error_alpha_max: 8.466e-04, Error_energy: 8.93e-02, Error_residual_u: 1.963e-08[0m
[1;37m-- Solving for t = 1.0345 --[0m
  0 SNES Function norm 7.674109886651e-02
  1 SNES Function norm 1.963455196121e-08
  2 SNES Function norm 1.963455196121e-08
  Nonlinear elasticity_ solve converged due to CONVERGED_FNORM_ABS iterations 2
  Iteration information for damage_ solve.
  0 TAO,  Function value: 0.366664,  Residual: 0.0139308 
  1 TAO,  Function value: 0.366653,  Residual: 1.29815e-17 
[1;34mAM - Iteration:   0, alpha_max: 9.398e-03, eps_nl_min: 1.025e+00, eps_nl_max: 1.025e+00, Error_alpha_max: 8.711e-04, Error_energy: 8.35e-02, Error_residual_u: 1.962e-08[0m
[1;37m-- Solving for t = 1.1034 --[0m
  0 SNES Function norm 7.666297480289e-02
  1 SNES Function norm 1.962195006282e-08
  2 SNES Function norm 1.962195006282e-08
  Nonlinear elasticity_ solve converged due to CONVERGED_FNORM_ABS iterations 2
  Iteration information for damage_ solve.
  0 TAO,  Function value: 0.395462,  Residual: 0.0143363 
  1 TAO,  Function value: 0.395451,  Residual: 2.05987e-17 
[1;34mAM - Iteration:   0, alpha_max: 1.029e-02, eps_nl_min: 1.093e+00, eps_nl_max: 1.093e+00, Error_alpha_max: 8.954e-04, Error_energy: 7.85e-02, Error_residual_u: 1.960e-08[0m
[1;37m-- Solving for t = 1.1724 --[0m
  0 SNES Function norm 7.658282471136e-02
  1 SNES Function norm 1.960901279047e-08
  2 SNES Function norm 1.960901279047e-08
  Nonlinear elasticity_ solve converged due to CONVERGED_FNORM_ABS iterations 2
  Iteration information for damage_ solve.
  0 TAO,  Function value: 0.424792,  Residual: 0.0147396 
  1 TAO,  Function value: 0.42478,  Residual: 1.11076e-17 
[1;34mAM - Iteration:   0, alpha_max: 1.121e-02, eps_nl_min: 1.161e+00, eps_nl_max: 1.161e+00, Error_alpha_max: 9.194e-04, Error_energy: 7.42e-02, Error_residual_u: 1.959e-08[0m
[1;37m-- Solving for t = 1.2414 --[0m
  0 SNES Function norm 7.650068293036e-02
  1 SNES Function norm 1.959574594971e-08
  2 SNES Function norm 1.959574594971e-08
  Nonlinear elasticity_ solve converged due to CONVERGED_FNORM_ABS iterations 2
  Iteration information for damage_ solve.
  0 TAO,  Function value: 0.45465,  Residual: 0.0151406 
  1 TAO,  Function value: 0.454638,  Residual: 2.38805e-12 
[1;34mAM - Iteration:   0, alpha_max: 1.216e-02, eps_nl_min: 1.230e+00, eps_nl_max: 1.230e+00, Error_alpha_max: 9.431e-04, Error_energy: 7.03e-02, Error_residual_u: 1.958e-08[0m
[1;37m-- Solving for t = 1.3103 --[0m
  0 SNES Function norm 7.641658436893e-02
  1 SNES Function norm 1.958215508031e-08
  2 SNES Function norm 1.958215508031e-08
  Nonlinear elasticity_ solve converged due to CONVERGED_FNORM_ABS iterations 2
  Iteration information for damage_ solve.
  0 TAO,  Function value: 0.485035,  Residual: 0.0155392 
  1 TAO,  Function value: 0.485022,  Residual: 2.60951e-12 
[1;34mAM - Iteration:   0, alpha_max: 1.312e-02, eps_nl_min: 1.298e+00, eps_nl_max: 1.298e+00, Error_alpha_max: 9.667e-04, Error_energy: 6.68e-02, Error_residual_u: 1.956e-08[0m
[1;37m-- Solving for t = 1.3793 --[0m
  0 SNES Function norm 7.633056445476e-02
  1 SNES Function norm 1.956824683009e-08
  2 SNES Function norm 1.956824683009e-08
  Nonlinear elasticity_ solve converged due to CONVERGED_FNORM_ABS iterations 2
  Iteration information for damage_ solve.
  0 TAO,  Function value: 0.515945,  Residual: 0.0159354 
  1 TAO,  Function value: 0.515932,  Residual: 2.83677e-12 
[1;34mAM - Iteration:   0, alpha_max: 1.411e-02, eps_nl_min: 1.366e+00, eps_nl_max: 1.366e+00, Error_alpha_max: 9.899e-04, Error_energy: 6.37e-02, Error_residual_u: 1.955e-08[0m
[1;37m-- Solving for t = 1.4483 --[0m
  0 SNES Function norm 7.624265908252e-02
  1 SNES Function norm 1.955402702206e-08
  2 SNES Function norm 1.955402702206e-08
  Nonlinear elasticity_ solve converged due to CONVERGED_FNORM_ABS iterations 2
  Iteration information for damage_ solve.
  0 TAO,  Function value: 0.547379,  Residual: 0.0163291 
  1 TAO,  Function value: 0.547364,  Residual: 3.06983e-12 
[1;34mAM - Iteration:   0, alpha_max: 1.513e-02, eps_nl_min: 1.434e+00, eps_nl_max: 1.434e+00, Error_alpha_max: 1.013e-03, Error_energy: 6.09e-02, Error_residual_u: 1.953e-08[0m
[1;37m-- Solving for t = 1.5172 --[0m
  0 SNES Function norm 7.615290456293e-02
  1 SNES Function norm 1.953950220728e-08
  2 SNES Function norm 1.953950220728e-08
  Nonlinear elasticity_ solve converged due to CONVERGED_FNORM_ABS iterations 2
  Iteration information for damage_ solve.
  0 TAO,  Function value: 0.579332,  Residual: 0.0167202 
  1 TAO,  Function value: 0.579317,  Residual: 1.76908e-17 
[1;34mAM - Iteration:   0, alpha_max: 1.616e-02, eps_nl_min: 1.503e+00, eps_nl_max: 1.503e+00, Error_alpha_max: 1.036e-03, Error_energy: 5.84e-02, Error_residual_u: 1.952e-08[0m
[1;37m-- Solving for t = 1.5862 --[0m
  0 SNES Function norm 7.606133757243e-02
  1 SNES Function norm 1.952467938754e-08
  2 SNES Function norm 1.952467938754e-08
  Nonlinear elasticity_ solve converged due to CONVERGED_FNORM_ABS iterations 2
  Iteration information for damage_ solve.
  0 TAO,  Function value: 0.611805,  Residual: 0.0171088 
  1 TAO,  Function value: 0.611789,  Residual: 2.70972e-17 
[1;34mAM - Iteration:   0, alpha_max: 1.722e-02, eps_nl_min: 1.571e+00, eps_nl_max: 1.571e+00, Error_alpha_max: 1.058e-03, Error_energy: 5.61e-02, Error_residual_u: 1.950e-08[0m
[1;37m-- Solving for t = 1.6552 --[0m
  0 SNES Function norm 7.596799510384e-02
  1 SNES Function norm 1.950956500820e-08
  2 SNES Function norm 1.950956500820e-08
  Nonlinear elasticity_ solve converged due to CONVERGED_FNORM_ABS iterations 2
  Iteration information for damage_ solve.
  0 TAO,  Function value: 0.644794,  Residual: 0.0174949 
  1 TAO,  Function value: 0.644778,  Residual: 3.80006e-12 
[1;34mAM - Iteration:   0, alpha_max: 1.830e-02, eps_nl_min: 1.639e+00, eps_nl_max: 1.639e+00, Error_alpha_max: 1.080e-03, Error_energy: 5.39e-02, Error_residual_u: 1.949e-08[0m
[1;37m-- Solving for t = 1.7241 --[0m
  0 SNES Function norm 7.587291441783e-02
  1 SNES Function norm 1.949416636607e-08
  2 SNES Function norm 1.949416636607e-08
  Nonlinear elasticity_ solve converged due to CONVERGED_FNORM_ABS iterations 2
  Iteration information for damage_ solve.
  0 TAO,  Function value: 0.678298,  Residual: 0.0178782 
  1 TAO,  Function value: 0.678281,  Residual: 4.05276e-12 
[1;34mAM - Iteration:   0, alpha_max: 1.940e-02, eps_nl_min: 1.707e+00, eps_nl_max: 1.707e+00, Error_alpha_max: 1.102e-03, Error_energy: 5.20e-02, Error_residual_u: 1.947e-08[0m
[1;37m-- Solving for t = 1.7931 --[0m
  0 SNES Function norm 7.577613299556e-02
  1 SNES Function norm 1.947849056144e-08
  2 SNES Function norm 1.947849056144e-08
  Nonlinear elasticity_ solve converged due to CONVERGED_FNORM_ABS iterations 2
  Iteration information for damage_ solve.
  0 TAO,  Function value: 0.712314,  Residual: 0.0182589 
  1 TAO,  Function value: 0.712296,  Residual: 2.90275e-17 
[1;34mAM - Iteration:   0, alpha_max: 2.052e-02, eps_nl_min: 1.775e+00, eps_nl_max: 1.775e+00, Error_alpha_max: 1.124e-03, Error_energy: 5.01e-02, Error_residual_u: 1.946e-08[0m
[1;37m-- Solving for t = 1.8621 --[0m
  0 SNES Function norm 7.567768849246e-02
  1 SNES Function norm 1.946254511721e-08
  2 SNES Function norm 1.946254511721e-08
  Nonlinear elasticity_ solve converged due to CONVERGED_FNORM_ABS iterations 2
  Iteration information for damage_ solve.
  0 TAO,  Function value: 0.74684,  Residual: 0.0186369 
  1 TAO,  Function value: 0.746822,  Residual: 3.80059e-17 
[1;34mAM - Iteration:   0, alpha_max: 2.167e-02, eps_nl_min: 1.844e+00, eps_nl_max: 1.844e+00, Error_alpha_max: 1.145e-03, Error_energy: 4.85e-02, Error_residual_u: 1.944e-08[0m
[1;37m-- Solving for t = 1.9310 --[0m
  0 SNES Function norm 7.557761869318e-02
  1 SNES Function norm 1.944633742727e-08
  2 SNES Function norm 1.944633742727e-08
  Nonlinear elasticity_ solve converged due to CONVERGED_FNORM_ABS iterations 2
  Iteration information for damage_ solve.
  0 TAO,  Function value: 0.781874,  Residual: 0.0190121 
  1 TAO,  Function value: 0.781855,  Residual: 3.57201e-17 
[1;34mAM - Iteration:   0, alpha_max: 2.284e-02, eps_nl_min: 1.912e+00, eps_nl_max: 1.912e+00, Error_alpha_max: 1.166e-03, Error_energy: 4.69e-02, Error_residual_u: 1.942e-08[0m
[1;37m-- Solving for t = 2.0000 --[0m
  0 SNES Function norm 7.547596146799e-02
  1 SNES Function norm 1.942987523209e-08
  2 SNES Function norm 1.942987523209e-08
  Nonlinear elasticity_ solve converged due to CONVERGED_FNORM_ABS iterations 2
  Iteration information for damage_ solve.
  0 TAO,  Function value: 0.817413,  Residual: 0.0193846 
  1 TAO,  Function value: 0.817394,  Residual: 5.10455e-12 
[1;34mAM - Iteration:   0, alpha_max: 2.402e-02, eps_nl_min: 1.980e+00, eps_nl_max: 1.980e+00, Error_alpha_max: 1.186e-03, Error_energy: 4.55e-02, Error_residual_u: 1.941e-08[0m
WARNING! There are options you set that were not used!
WARNING! could be spelling mistake, etc!
There are 3 unused database options. They are:
Option left: name:-elasticity_snes_ls_atol value: 1e-08 source: code
Option left: name:-elasticity_snes_ls_rtol value: 1e-08 source: code
Option left: name:-elasticity_snes_ls_stol value: 0.0 source: code

=== STDERR ===
